\BOOKMARK [1][-]{section.1}{Introducci\363n}{}% 1
\BOOKMARK [1][-]{section.2}{Solicitud del servicio \(usuarios nuevos\)}{}% 2
\BOOKMARK [1][-]{section.3}{Solicitud de cotizaci\363n}{}% 3
\BOOKMARK [2][-]{subsection.3.1}{Usuarios internos}{section.3}% 4
\BOOKMARK [2][-]{subsection.3.2}{Usuarios externos}{section.3}% 5
\BOOKMARK [1][-]{section.4}{Manejo de cotizaci\363n}{}% 6
\BOOKMARK [1][-]{section.5}{Preparaci\363n de la muestra}{}% 7
\BOOKMARK [2][-]{subsection.5.1}{Fijaci\363n}{section.5}% 8
\BOOKMARK [2][-]{subsection.5.2}{Deshidrataci\363n}{section.5}% 9
\BOOKMARK [2][-]{subsection.5.3}{Secado por punto cr\355tico}{section.5}% 10
\BOOKMARK [2][-]{subsection.5.4}{Metalizaci\363n}{section.5}% 11
\BOOKMARK [3][-]{subsubsection.5.4.1}{Sputtering de oro}{subsection.5.4}% 12
\BOOKMARK [3][-]{subsubsection.5.4.2}{Evaporaci\363n de grafito}{subsection.5.4}% 13
\BOOKMARK [2][-]{subsection.5.5}{Cortes}{section.5}% 14
\BOOKMARK [3][-]{subsubsection.5.5.1}{Ultramicr\363tomo}{subsection.5.5}% 15
\BOOKMARK [3][-]{subsubsection.5.5.2}{Disco de \363xido de aluminio}{subsection.5.5}% 16
\BOOKMARK [1][-]{section.6}{Reserva de equipos}{}% 17
\BOOKMARK [2][-]{subsection.6.1}{Microscop\355a \363ptica}{section.6}% 18
\BOOKMARK [3][-]{subsubsection.6.1.1}{Confocal de barrido l\341ser}{subsection.6.1}% 19
\BOOKMARK [3][-]{subsubsection.6.1.2}{Olympus}{subsection.6.1}% 20
\BOOKMARK [2][-]{subsection.6.2}{Microscop\355a de barrio por sonda}{section.6}% 21
\BOOKMARK [2][-]{subsection.6.3}{Microscop\355a de electr\363nica}{section.6}% 22
